data.dir
├── cuuxd
│   ├── bznahqkd
│   ├── cpjpvqsp
│   ├── drqi
│   ├── fmp
│   ├── fnfviuwwr
│   │   ├── axcvfzr
│   │   │   ├── hjozg
│   │   │   ├── ir
│   │   │   ├── qdkjw
│   │   │   ├── szxguhfu
│   │   │   ├── trdh
│   │   │   ├── vtqw
│   │   │   └── yewz
│   │   ├── blzt
│   │   ├── eajty
│   │   ├── ouh
│   │   └── ybjd
│   ├── ovgqgx
│   ├── sk
│   └── wsuy
├── pnpbecngnc
│   ├── btrlncanf
│   ├── ccre
│   ├── flnaedjbju
│   │   ├── byrmq
│   │   ├── hnrjayn
│   │   ├── jckpittrpnesl
│   │   │   ├── biuf
│   │   │   ├── dsivffaj
│   │   │   ├── ehzjd
│   │   │   ├── jscwkly
│   │   │   └── lnle
│   │   ├── sf
│   │   └── uy
│   ├── hdgjqrgo
│   ├── ln
│   ├── ttojvdkr
│   ├── twumccl
│   └── uwsvcdj
└── qmoxk
    ├── bdejywqaw
    ├── ccvbnkq
    ├── comki
    ├── gyok
    │   ├── ae
    │   ├── das
    │   ├── fdbzwjzktmm
    │   │   ├── dfj
    │   │   ├── epc
    │   │   ├── fhabzqdct
    │   │   ├── nmzgzp
    │   │   ├── oz
    │   │   └── vfcwbmv
    │   ├── fkn
    │   ├── gdgc
    │   └── qlo
    ├── jrkrsfjet
    ├── kh
    ├── qezawkj
    └── yingassko
